app/build/intermediates/manifest_merge_blame_file/debug/manifest-merger-blame-debug-report.txt
1<?xml version="1.0" encoding="utf-8"?>
2<manifest xmlns:android="http://schemas.android.com/apk/res/android"
3    package="com.hustl.app"
4    android:versionCode="1"
5    android:versionName="1.0" >
6
7    <uses-sdk
8        android:minSdkVersion="26"
9        android:targetSdkVersion="34" />
10
11    <uses-permission android:name="android.permission.INTERNET" />
11-->src\main\AndroidManifest.xml:4:5-67
11-->src\main\AndroidManifest.xml:4:22-64
12    <uses-permission android:name="android.permission.ACCESS_NETWORK_STATE" />
12-->src\main\AndroidManifest.xml:5:5-79
12-->src\main\AndroidManifest.xml:5:22-76
13    <uses-permission android:name="android.permission.READ_EXTERNAL_STORAGE" />
13-->src\main\AndroidManifest.xml:6:5-80
13-->src\main\AndroidManifest.xml:6:22-77
14    <uses-permission android:name="android.permission.POST_NOTIFICATIONS" />
14-->src\main\AndroidManifest.xml:7:5-77
14-->src\main\AndroidManifest.xml:7:22-74
15    <uses-permission android:name="android.permission.WAKE_LOCK" /> <!-- Required by older versions of Google Play services to create IID tokens -->
15-->[com.google.firebase:firebase-messaging:23.4.0] AndroidManifest.xml:24:5-68
15-->[com.google.firebase:firebase-messaging:23.4.0] AndroidManifest.xml:24:22-65
16    <uses-permission android:name="com.google.android.c2dm.permission.RECEIVE" />
16-->[com.google.firebase:firebase-messaging:23.4.0] AndroidManifest.xml:26:5-82
16-->[com.google.firebase:firebase-messaging:23.4.0] AndroidManifest.xml:26:22-79
17
18    <permission
18-->[androidx.core:core:1.12.0] AndroidManifest.xml:22:5-24:47
19        android:name="com.hustl.app.DYNAMIC_RECEIVER_NOT_EXPORTED_PERMISSION"
19-->[androidx.core:core:1.12.0] AndroidManifest.xml:23:9-81
20        android:protectionLevel="signature" />
20-->[androidx.core:core:1.12.0] AndroidManifest.xml:24:9-44
21
22    <uses-permission android:name="com.hustl.app.DYNAMIC_RECEIVER_NOT_EXPORTED_PERMISSION" />
22-->[androidx.core:core:1.12.0] AndroidManifest.xml:26:5-97
22-->[androidx.core:core:1.12.0] AndroidManifest.xml:26:22-94
23
24    <application
24-->src\main\AndroidManifest.xml:9:5-82:19
25        android:allowBackup="true"
25-->src\main\AndroidManifest.xml:10:9-35
26        android:appComponentFactory="androidx.core.app.CoreComponentFactory"
26-->[androidx.core:core:1.12.0] AndroidManifest.xml:28:18-86
27        android:debuggable="true"
28        android:extractNativeLibs="false"
29        android:icon="@drawable/ic_launcher"
29-->src\main\AndroidManifest.xml:11:9-45
30        android:label="@string/app_name"
30-->src\main\AndroidManifest.xml:13:9-41
31        android:roundIcon="@drawable/ic_launcher_round"
31-->src\main\AndroidManifest.xml:12:9-56
32        android:supportsRtl="true"
32-->src\main\AndroidManifest.xml:14:9-35
33        android:testOnly="true"
34        android:theme="@style/Theme.Hustl" >
34-->src\main\AndroidManifest.xml:15:9-43
35        <activity
35-->src\main\AndroidManifest.xml:17:9-25:20
36            android:name="com.hustl.app.ui.auth.SplashActivity"
36-->src\main\AndroidManifest.xml:18:13-51
37            android:exported="true"
37-->src\main\AndroidManifest.xml:19:13-36
38            android:theme="@style/Theme.Hustl.Splash" >
38-->src\main\AndroidManifest.xml:20:13-54
39            <intent-filter>
39-->src\main\AndroidManifest.xml:21:13-24:29
40                <action android:name="android.intent.action.MAIN" />
40-->src\main\AndroidManifest.xml:22:17-69
40-->src\main\AndroidManifest.xml:22:25-66
41
42                <category android:name="android.intent.category.LAUNCHER" />
42-->src\main\AndroidManifest.xml:23:17-77
42-->src\main\AndroidManifest.xml:23:27-74
43            </intent-filter>
44        </activity>
45        <activity
45-->src\main\AndroidManifest.xml:27:9-29:40
46            android:name="com.hustl.app.ui.auth.OnboardingActivity"
46-->src\main\AndroidManifest.xml:28:13-55
47            android:exported="false" />
47-->src\main\AndroidManifest.xml:29:13-37
48        <activity
48-->src\main\AndroidManifest.xml:31:9-34:58
49            android:name="com.hustl.app.ui.auth.LoginActivity"
49-->src\main\AndroidManifest.xml:32:13-50
50            android:exported="false"
50-->src\main\AndroidManifest.xml:33:13-37
51            android:windowSoftInputMode="adjustResize" />
51-->src\main\AndroidManifest.xml:34:13-55
52        <activity
52-->src\main\AndroidManifest.xml:36:9-39:58
53            android:name="com.hustl.app.ui.auth.RegisterActivity"
53-->src\main\AndroidManifest.xml:37:13-53
54            android:exported="false"
54-->src\main\AndroidManifest.xml:38:13-37
55            android:windowSoftInputMode="adjustResize" />
55-->src\main\AndroidManifest.xml:39:13-55
56        <activity
56-->src\main\AndroidManifest.xml:41:9-44:58
57            android:name="com.hustl.app.ui.home.MainActivity"
57-->src\main\AndroidManifest.xml:42:13-49
58            android:exported="false"
58-->src\main\AndroidManifest.xml:43:13-37
59            android:windowSoftInputMode="adjustResize" />
59-->src\main\AndroidManifest.xml:44:13-55
60        <activity
60-->src\main\AndroidManifest.xml:46:9-48:40
61            android:name="com.hustl.app.ui.gigs.GigDetailActivity"
61-->src\main\AndroidManifest.xml:47:13-54
62            android:exported="false" />
62-->src\main\AndroidManifest.xml:48:13-37
63        <activity
63-->src\main\AndroidManifest.xml:50:9-53:58
64            android:name="com.hustl.app.ui.gigs.CreateGigActivity"
64-->src\main\AndroidManifest.xml:51:13-54
65            android:exported="false"
65-->src\main\AndroidManifest.xml:52:13-37
66            android:windowSoftInputMode="adjustResize" />
66-->src\main\AndroidManifest.xml:53:13-55
67        <activity
67-->src\main\AndroidManifest.xml:55:9-58:58
68            android:name="com.hustl.app.ui.gigs.PaymentActivity"
68-->src\main\AndroidManifest.xml:56:13-52
69            android:exported="false"
69-->src\main\AndroidManifest.xml:57:13-37
70            android:windowSoftInputMode="adjustResize" />
70-->src\main\AndroidManifest.xml:58:13-55
71        <activity
71-->src\main\AndroidManifest.xml:60:9-63:58
72            android:name="com.hustl.app.ui.gigs.WalletActivity"
72-->src\main\AndroidManifest.xml:61:13-51
73            android:exported="false"
73-->src\main\AndroidManifest.xml:62:13-37
74            android:windowSoftInputMode="adjustResize" />
74-->src\main\AndroidManifest.xml:63:13-55
75        <activity
75-->src\main\AndroidManifest.xml:65:9-67:40
76            android:name="com.hustl.app.ui.gigs.OrderSuccessActivity"
76-->src\main\AndroidManifest.xml:66:13-57
77            android:exported="false" />
77-->src\main\AndroidManifest.xml:67:13-37
78        <activity
78-->src\main\AndroidManifest.xml:69:9-72:58
79            android:name="com.hustl.app.ui.chat.ChatActivity"
79-->src\main\AndroidManifest.xml:70:13-49
80            android:exported="false"
80-->src\main\AndroidManifest.xml:71:13-37
81            android:windowSoftInputMode="adjustResize" />
81-->src\main\AndroidManifest.xml:72:13-55
82
83        <service
83-->src\main\AndroidManifest.xml:74:9-80:19
84            android:name="com.hustl.app.utils.HustlFirebaseMessagingService"
84-->src\main\AndroidManifest.xml:75:13-64
85            android:exported="false" >
85-->src\main\AndroidManifest.xml:76:13-37
86            <intent-filter>
86-->src\main\AndroidManifest.xml:77:13-79:29
87                <action android:name="com.google.firebase.MESSAGING_EVENT" />
87-->src\main\AndroidManifest.xml:78:17-78
87-->src\main\AndroidManifest.xml:78:25-75
88            </intent-filter>
89        </service>
90        <service
90-->[com.google.firebase:firebase-auth-ktx:22.3.0] AndroidManifest.xml:8:9-14:19
91            android:name="com.google.firebase.components.ComponentDiscoveryService"
91-->[com.google.firebase:firebase-auth-ktx:22.3.0] AndroidManifest.xml:9:13-84
92            android:directBootAware="true"
92-->[com.google.firebase:firebase-common:20.4.2] AndroidManifest.xml:32:13-43
93            android:exported="false" >
93-->[com.google.firebase:firebase-auth-ktx:22.3.0] AndroidManifest.xml:10:13-37
94            <meta-data
94-->[com.google.firebase:firebase-auth-ktx:22.3.0] AndroidManifest.xml:11:13-13:85
95                android:name="com.google.firebase.components:com.google.firebase.auth.ktx.FirebaseAuthLegacyRegistrar"
95-->[com.google.firebase:firebase-auth-ktx:22.3.0] AndroidManifest.xml:12:17-119
96                android:value="com.google.firebase.components.ComponentRegistrar" />
96-->[com.google.firebase:firebase-auth-ktx:22.3.0] AndroidManifest.xml:13:17-82
97            <meta-data
97-->[com.google.firebase:firebase-auth:22.3.0] AndroidManifest.xml:69:13-71:85
98                android:name="com.google.firebase.components:com.google.firebase.auth.FirebaseAuthRegistrar"
98-->[com.google.firebase:firebase-auth:22.3.0] AndroidManifest.xml:70:17-109
99                android:value="com.google.firebase.components.ComponentRegistrar" />
99-->[com.google.firebase:firebase-auth:22.3.0] AndroidManifest.xml:71:17-82
100            <meta-data
100-->[com.google.firebase:firebase-storage-ktx:20.3.0] AndroidManifest.xml:12:13-14:85
101                android:name="com.google.firebase.components:com.google.firebase.storage.ktx.FirebaseStorageLegacyRegistrar"
101-->[com.google.firebase:firebase-storage-ktx:20.3.0] AndroidManifest.xml:13:17-125
102                android:value="com.google.firebase.components.ComponentRegistrar" />
102-->[com.google.firebase:firebase-storage-ktx:20.3.0] AndroidManifest.xml:14:17-82
103            <meta-data
103-->[com.google.firebase:firebase-firestore-ktx:24.10.0] AndroidManifest.xml:12:13-14:85
104                android:name="com.google.firebase.components:com.google.firebase.firestore.ktx.FirebaseFirestoreLegacyRegistrar"
104-->[com.google.firebase:firebase-firestore-ktx:24.10.0] AndroidManifest.xml:13:17-129
105                android:value="com.google.firebase.components.ComponentRegistrar" />
105-->[com.google.firebase:firebase-firestore-ktx:24.10.0] AndroidManifest.xml:14:17-82
106            <meta-data
106-->[com.google.firebase:firebase-messaging-ktx:23.4.0] AndroidManifest.xml:26:13-28:85
107                android:name="com.google.firebase.components:com.google.firebase.messaging.ktx.FirebaseMessagingLegacyRegistrar"
107-->[com.google.firebase:firebase-messaging-ktx:23.4.0] AndroidManifest.xml:27:17-129
108                android:value="com.google.firebase.components.ComponentRegistrar" />
108-->[com.google.firebase:firebase-messaging-ktx:23.4.0] AndroidManifest.xml:28:17-82
109            <meta-data
109-->[com.google.firebase:firebase-storage:20.3.0] AndroidManifest.xml:30:13-32:85
110                android:name="com.google.firebase.components:com.google.firebase.storage.FirebaseStorageKtxRegistrar"
110-->[com.google.firebase:firebase-storage:20.3.0] AndroidManifest.xml:31:17-118
111                android:value="com.google.firebase.components.ComponentRegistrar" />
111-->[com.google.firebase:firebase-storage:20.3.0] AndroidManifest.xml:32:17-82
112            <meta-data
112-->[com.google.firebase:firebase-storage:20.3.0] AndroidManifest.xml:33:13-35:85
113                android:name="com.google.firebase.components:com.google.firebase.storage.StorageRegistrar"
113-->[com.google.firebase:firebase-storage:20.3.0] AndroidManifest.xml:34:17-107
114                android:value="com.google.firebase.components.ComponentRegistrar" />
114-->[com.google.firebase:firebase-storage:20.3.0] AndroidManifest.xml:35:17-82
115            <meta-data
115-->[com.google.firebase:firebase-firestore:24.10.0] AndroidManifest.xml:17:13-19:85
116                android:name="com.google.firebase.components:com.google.firebase.firestore.FirebaseFirestoreKtxRegistrar"
116-->[com.google.firebase:firebase-firestore:24.10.0] AndroidManifest.xml:18:17-122
117                android:value="com.google.firebase.components.ComponentRegistrar" />
117-->[com.google.firebase:firebase-firestore:24.10.0] AndroidManifest.xml:19:17-82
118            <meta-data
118-->[com.google.firebase:firebase-firestore:24.10.0] AndroidManifest.xml:20:13-22:85
119                android:name="com.google.firebase.components:com.google.firebase.firestore.FirestoreRegistrar"
119-->[com.google.firebase:firebase-firestore:24.10.0] AndroidManifest.xml:21:17-111
120                android:value="com.google.firebase.components.ComponentRegistrar" />
120-->[com.google.firebase:firebase-firestore:24.10.0] AndroidManifest.xml:22:17-82
121            <meta-data
121-->[com.google.firebase:firebase-messaging:23.4.0] AndroidManifest.xml:57:13-59:85
122                android:name="com.google.firebase.components:com.google.firebase.messaging.FirebaseMessagingKtxRegistrar"
122-->[com.google.firebase:firebase-messaging:23.4.0] AndroidManifest.xml:58:17-122
123                android:value="com.google.firebase.components.ComponentRegistrar" />
123-->[com.google.firebase:firebase-messaging:23.4.0] AndroidManifest.xml:59:17-82
124            <meta-data
124-->[com.google.firebase:firebase-messaging:23.4.0] AndroidManifest.xml:60:13-62:85
125                android:name="com.google.firebase.components:com.google.firebase.messaging.FirebaseMessagingRegistrar"
125-->[com.google.firebase:firebase-messaging:23.4.0] AndroidManifest.xml:61:17-119
126                android:value="com.google.firebase.components.ComponentRegistrar" />
126-->[com.google.firebase:firebase-messaging:23.4.0] AndroidManifest.xml:62:17-82
127            <meta-data
127-->[com.google.firebase:firebase-appcheck:17.1.1] AndroidManifest.xml:25:13-27:85
128                android:name="com.google.firebase.components:com.google.firebase.appcheck.FirebaseAppCheckKtxRegistrar"
128-->[com.google.firebase:firebase-appcheck:17.1.1] AndroidManifest.xml:26:17-120
129                android:value="com.google.firebase.components.ComponentRegistrar" />
129-->[com.google.firebase:firebase-appcheck:17.1.1] AndroidManifest.xml:27:17-82
130            <meta-data
130-->[com.google.firebase:firebase-appcheck:17.1.1] AndroidManifest.xml:28:13-30:85
131                android:name="com.google.firebase.components:com.google.firebase.appcheck.FirebaseAppCheckRegistrar"
131-->[com.google.firebase:firebase-appcheck:17.1.1] AndroidManifest.xml:29:17-117
132                android:value="com.google.firebase.components.ComponentRegistrar" />
132-->[com.google.firebase:firebase-appcheck:17.1.1] AndroidManifest.xml:30:17-82
133            <meta-data
133-->[com.google.firebase:firebase-installations:17.2.0] AndroidManifest.xml:15:13-17:85
134                android:name="com.google.firebase.components:com.google.firebase.installations.FirebaseInstallationsKtxRegistrar"
134-->[com.google.firebase:firebase-installations:17.2.0] AndroidManifest.xml:16:17-130
135                android:value="com.google.firebase.components.ComponentRegistrar" />
135-->[com.google.firebase:firebase-installations:17.2.0] AndroidManifest.xml:17:17-82
136            <meta-data
136-->[com.google.firebase:firebase-installations:17.2.0] AndroidManifest.xml:18:13-20:85
137                android:name="com.google.firebase.components:com.google.firebase.installations.FirebaseInstallationsRegistrar"
137-->[com.google.firebase:firebase-installations:17.2.0] AndroidManifest.xml:19:17-127
138                android:value="com.google.firebase.components.ComponentRegistrar" />
138-->[com.google.firebase:firebase-installations:17.2.0] AndroidManifest.xml:20:17-82
139            <meta-data
139-->[com.google.firebase:firebase-common-ktx:20.4.2] AndroidManifest.xml:12:13-14:85
140                android:name="com.google.firebase.components:com.google.firebase.ktx.FirebaseCommonLegacyRegistrar"
140-->[com.google.firebase:firebase-common-ktx:20.4.2] AndroidManifest.xml:13:17-116
141                android:value="com.google.firebase.components.ComponentRegistrar" />
141-->[com.google.firebase:firebase-common-ktx:20.4.2] AndroidManifest.xml:14:17-82
142            <meta-data
142-->[com.google.firebase:firebase-common:20.4.2] AndroidManifest.xml:35:13-37:85
143                android:name="com.google.firebase.components:com.google.firebase.FirebaseCommonKtxRegistrar"
143-->[com.google.firebase:firebase-common:20.4.2] AndroidManifest.xml:36:17-109
144                android:value="com.google.firebase.components.ComponentRegistrar" />
144-->[com.google.firebase:firebase-common:20.4.2] AndroidManifest.xml:37:17-82
145            <meta-data
145-->[com.google.firebase:firebase-datatransport:18.1.7] AndroidManifest.xml:27:13-29:85
146                android:name="com.google.firebase.components:com.google.firebase.datatransport.TransportRegistrar"
146-->[com.google.firebase:firebase-datatransport:18.1.7] AndroidManifest.xml:28:17-115
147                android:value="com.google.firebase.components.ComponentRegistrar" />
147-->[com.google.firebase:firebase-datatransport:18.1.7] AndroidManifest.xml:29:17-82
148        </service>
149
150        <activity
150-->[com.google.firebase:firebase-auth:22.3.0] AndroidManifest.xml:29:9-46:20
151            android:name="com.google.firebase.auth.internal.GenericIdpActivity"
151-->[com.google.firebase:firebase-auth:22.3.0] AndroidManifest.xml:30:13-80
152            android:excludeFromRecents="true"
152-->[com.google.firebase:firebase-auth:22.3.0] AndroidManifest.xml:31:13-46
153            android:exported="true"
153-->[com.google.firebase:firebase-auth:22.3.0] AndroidManifest.xml:32:13-36
154            android:launchMode="singleTask"
154-->[com.google.firebase:firebase-auth:22.3.0] AndroidManifest.xml:33:13-44
155            android:theme="@android:style/Theme.Translucent.NoTitleBar" >
155-->[com.google.firebase:firebase-auth:22.3.0] AndroidManifest.xml:34:13-72
156            <intent-filter>
156-->[com.google.firebase:firebase-auth:22.3.0] AndroidManifest.xml:35:13-45:29
157                <action android:name="android.intent.action.VIEW" />
157-->[com.google.firebase:firebase-auth:22.3.0] AndroidManifest.xml:36:17-69
157-->[com.google.firebase:firebase-auth:22.3.0] AndroidManifest.xml:36:25-66
158
159                <category android:name="android.intent.category.DEFAULT" />
159-->[com.google.firebase:firebase-auth:22.3.0] AndroidManifest.xml:38:17-76
159-->[com.google.firebase:firebase-auth:22.3.0] AndroidManifest.xml:38:27-73
160                <category android:name="android.intent.category.BROWSABLE" />
160-->[com.google.firebase:firebase-auth:22.3.0] AndroidManifest.xml:39:17-78
160-->[com.google.firebase:firebase-auth:22.3.0] AndroidManifest.xml:39:27-75
161
162                <data
162-->[com.google.firebase:firebase-auth:22.3.0] AndroidManifest.xml:41:17-44:51
163                    android:host="firebase.auth"
163-->[com.google.firebase:firebase-auth:22.3.0] AndroidManifest.xml:42:21-49
164                    android:path="/"
164-->[com.google.firebase:firebase-auth:22.3.0] AndroidManifest.xml:43:21-37
165                    android:scheme="genericidp" />
165-->[com.google.firebase:firebase-auth:22.3.0] AndroidManifest.xml:44:21-48
166            </intent-filter>
167        </activity>
168        <activity
168-->[com.google.firebase:firebase-auth:22.3.0] AndroidManifest.xml:47:9-64:20
169            android:name="com.google.firebase.auth.internal.RecaptchaActivity"
169-->[com.google.firebase:firebase-auth:22.3.0] AndroidManifest.xml:48:13-79
170            android:excludeFromRecents="true"
170-->[com.google.firebase:firebase-auth:22.3.0] AndroidManifest.xml:49:13-46
171            android:exported="true"
171-->[com.google.firebase:firebase-auth:22.3.0] AndroidManifest.xml:50:13-36
172            android:launchMode="singleTask"
172-->[com.google.firebase:firebase-auth:22.3.0] AndroidManifest.xml:51:13-44
173            android:theme="@android:style/Theme.Translucent.NoTitleBar" >
173-->[com.google.firebase:firebase-auth:22.3.0] AndroidManifest.xml:52:13-72
174            <intent-filter>
174-->[com.google.firebase:firebase-auth:22.3.0] AndroidManifest.xml:53:13-63:29
175                <action android:name="android.intent.action.VIEW" />
175-->[com.google.firebase:firebase-auth:22.3.0] AndroidManifest.xml:36:17-69
175-->[com.google.firebase:firebase-auth:22.3.0] AndroidManifest.xml:36:25-66
176
177                <category android:name="android.intent.category.DEFAULT" />
177-->[com.google.firebase:firebase-auth:22.3.0] AndroidManifest.xml:38:17-76
177-->[com.google.firebase:firebase-auth:22.3.0] AndroidManifest.xml:38:27-73
178                <category android:name="android.intent.category.BROWSABLE" />
178-->[com.google.firebase:firebase-auth:22.3.0] AndroidManifest.xml:39:17-78
178-->[com.google.firebase:firebase-auth:22.3.0] AndroidManifest.xml:39:27-75
179
180                <data
180-->[com.google.firebase:firebase-auth:22.3.0] AndroidManifest.xml:41:17-44:51
181                    android:host="firebase.auth"
181-->[com.google.firebase:firebase-auth:22.3.0] AndroidManifest.xml:42:21-49
182                    android:path="/"
182-->[com.google.firebase:firebase-auth:22.3.0] AndroidManifest.xml:43:21-37
183                    android:scheme="recaptcha" />
183-->[com.google.firebase:firebase-auth:22.3.0] AndroidManifest.xml:44:21-48
184            </intent-filter>
185        </activity>
186
187        <receiver
187-->[com.google.firebase:firebase-messaging:23.4.0] AndroidManifest.xml:29:9-40:20
188            android:name="com.google.firebase.iid.FirebaseInstanceIdReceiver"
188-->[com.google.firebase:firebase-messaging:23.4.0] AndroidManifest.xml:30:13-78
189            android:exported="true"
189-->[com.google.firebase:firebase-messaging:23.4.0] AndroidManifest.xml:31:13-36
190            android:permission="com.google.android.c2dm.permission.SEND" >
190-->[com.google.firebase:firebase-messaging:23.4.0] AndroidManifest.xml:32:13-73
191            <intent-filter>
191-->[com.google.firebase:firebase-messaging:23.4.0] AndroidManifest.xml:33:13-35:29
192                <action android:name="com.google.android.c2dm.intent.RECEIVE" />
192-->[com.google.firebase:firebase-messaging:23.4.0] AndroidManifest.xml:34:17-81
192-->[com.google.firebase:firebase-messaging:23.4.0] AndroidManifest.xml:34:25-78
193            </intent-filter>
194
195            <meta-data
195-->[com.google.firebase:firebase-messaging:23.4.0] AndroidManifest.xml:37:13-39:40
196                android:name="com.google.android.gms.cloudmessaging.FINISHED_AFTER_HANDLED"
196-->[com.google.firebase:firebase-messaging:23.4.0] AndroidManifest.xml:38:17-92
197                android:value="true" />
197-->[com.google.firebase:firebase-messaging:23.4.0] AndroidManifest.xml:39:17-37
198        </receiver>
199        <!--
200             FirebaseMessagingService performs security checks at runtime,
201             but set to not exported to explicitly avoid allowing another app to call it.
202        -->
203        <service
203-->[com.google.firebase:firebase-messaging:23.4.0] AndroidManifest.xml:46:9-53:19
204            android:name="com.google.firebase.messaging.FirebaseMessagingService"
204-->[com.google.firebase:firebase-messaging:23.4.0] AndroidManifest.xml:47:13-82
205            android:directBootAware="true"
205-->[com.google.firebase:firebase-messaging:23.4.0] AndroidManifest.xml:48:13-43
206            android:exported="false" >
206-->[com.google.firebase:firebase-messaging:23.4.0] AndroidManifest.xml:49:13-37
207            <intent-filter android:priority="-500" >
207-->src\main\AndroidManifest.xml:77:13-79:29
208                <action android:name="com.google.firebase.MESSAGING_EVENT" />
208-->src\main\AndroidManifest.xml:78:17-78
208-->src\main\AndroidManifest.xml:78:25-75
209            </intent-filter>
210        </service>
211
212        <provider
212-->[com.google.firebase:firebase-common:20.4.2] AndroidManifest.xml:23:9-28:39
213            android:name="com.google.firebase.provider.FirebaseInitProvider"
213-->[com.google.firebase:firebase-common:20.4.2] AndroidManifest.xml:24:13-77
214            android:authorities="com.hustl.app.firebaseinitprovider"
214-->[com.google.firebase:firebase-common:20.4.2] AndroidManifest.xml:25:13-72
215            android:directBootAware="true"
215-->[com.google.firebase:firebase-common:20.4.2] AndroidManifest.xml:26:13-43
216            android:exported="false"
216-->[com.google.firebase:firebase-common:20.4.2] AndroidManifest.xml:27:13-37
217            android:initOrder="100" />
217-->[com.google.firebase:firebase-common:20.4.2] AndroidManifest.xml:28:13-36
218        <provider
218-->[androidx.emoji2:emoji2:1.2.0] AndroidManifest.xml:24:9-32:20
219            android:name="androidx.startup.InitializationProvider"
219-->[androidx.emoji2:emoji2:1.2.0] AndroidManifest.xml:25:13-67
220            android:authorities="com.hustl.app.androidx-startup"
220-->[androidx.emoji2:emoji2:1.2.0] AndroidManifest.xml:26:13-68
221            android:exported="false" >
221-->[androidx.emoji2:emoji2:1.2.0] AndroidManifest.xml:27:13-37
222            <meta-data
222-->[androidx.emoji2:emoji2:1.2.0] AndroidManifest.xml:29:13-31:52
223                android:name="androidx.emoji2.text.EmojiCompatInitializer"
223-->[androidx.emoji2:emoji2:1.2.0] AndroidManifest.xml:30:17-75
224                android:value="androidx.startup" />
224-->[androidx.emoji2:emoji2:1.2.0] AndroidManifest.xml:31:17-49
225            <meta-data
225-->[androidx.lifecycle:lifecycle-process:2.7.0] AndroidManifest.xml:29:13-31:52
226                android:name="androidx.lifecycle.ProcessLifecycleInitializer"
226-->[androidx.lifecycle:lifecycle-process:2.7.0] AndroidManifest.xml:30:17-78
227                android:value="androidx.startup" />
227-->[androidx.lifecycle:lifecycle-process:2.7.0] AndroidManifest.xml:31:17-49
228            <meta-data
228-->[androidx.profileinstaller:profileinstaller:1.3.0] AndroidManifest.xml:29:13-31:52
229                android:name="androidx.profileinstaller.ProfileInstallerInitializer"
229-->[androidx.profileinstaller:profileinstaller:1.3.0] AndroidManifest.xml:30:17-85
230                android:value="androidx.startup" />
230-->[androidx.profileinstaller:profileinstaller:1.3.0] AndroidManifest.xml:31:17-49
231        </provider>
232
233        <activity
233-->[com.google.android.gms:play-services-base:18.0.1] AndroidManifest.xml:20:9-22:45
234            android:name="com.google.android.gms.common.api.GoogleApiActivity"
234-->[com.google.android.gms:play-services-base:18.0.1] AndroidManifest.xml:20:19-85
235            android:exported="false"
235-->[com.google.android.gms:play-services-base:18.0.1] AndroidManifest.xml:22:19-43
236            android:theme="@android:style/Theme.Translucent.NoTitleBar" />
236-->[com.google.android.gms:play-services-base:18.0.1] AndroidManifest.xml:21:19-78
237
238        <uses-library
238-->[androidx.window:window:1.0.0] AndroidManifest.xml:25:9-27:40
239            android:name="androidx.window.extensions"
239-->[androidx.window:window:1.0.0] AndroidManifest.xml:26:13-54
240            android:required="false" />
240-->[androidx.window:window:1.0.0] AndroidManifest.xml:27:13-37
241        <uses-library
241-->[androidx.window:window:1.0.0] AndroidManifest.xml:28:9-30:40
242            android:name="androidx.window.sidecar"
242-->[androidx.window:window:1.0.0] AndroidManifest.xml:29:13-51
243            android:required="false" />
243-->[androidx.window:window:1.0.0] AndroidManifest.xml:30:13-37
244
245        <service
245-->[androidx.room:room-runtime:2.6.1] AndroidManifest.xml:24:9-28:63
246            android:name="androidx.room.MultiInstanceInvalidationService"
246-->[androidx.room:room-runtime:2.6.1] AndroidManifest.xml:25:13-74
247            android:directBootAware="true"
247-->[androidx.room:room-runtime:2.6.1] AndroidManifest.xml:26:13-43
248            android:exported="false" />
248-->[androidx.room:room-runtime:2.6.1] AndroidManifest.xml:27:13-37
249
250        <meta-data
250-->[com.google.android.gms:play-services-basement:18.1.0] AndroidManifest.xml:21:9-23:69
251            android:name="com.google.android.gms.version"
251-->[com.google.android.gms:play-services-basement:18.1.0] AndroidManifest.xml:22:13-58
252            android:value="@integer/google_play_services_version" />
252-->[com.google.android.gms:play-services-basement:18.1.0] AndroidManifest.xml:23:13-66
253
254        <receiver
254-->[androidx.profileinstaller:profileinstaller:1.3.0] AndroidManifest.xml:34:9-52:20
255            android:name="androidx.profileinstaller.ProfileInstallReceiver"
255-->[androidx.profileinstaller:profileinstaller:1.3.0] AndroidManifest.xml:35:13-76
256            android:directBootAware="false"
256-->[androidx.profileinstaller:profileinstaller:1.3.0] AndroidManifest.xml:36:13-44
257            android:enabled="true"
257-->[androidx.profileinstaller:profileinstaller:1.3.0] AndroidManifest.xml:37:13-35
258            android:exported="true"
258-->[androidx.profileinstaller:profileinstaller:1.3.0] AndroidManifest.xml:38:13-36
259            android:permission="android.permission.DUMP" >
259-->[androidx.profileinstaller:profileinstaller:1.3.0] AndroidManifest.xml:39:13-57
260            <intent-filter>
260-->[androidx.profileinstaller:profileinstaller:1.3.0] AndroidManifest.xml:40:13-42:29
261                <action android:name="androidx.profileinstaller.action.INSTALL_PROFILE" />
261-->[androidx.profileinstaller:profileinstaller:1.3.0] AndroidManifest.xml:41:17-91
261-->[androidx.profileinstaller:profileinstaller:1.3.0] AndroidManifest.xml:41:25-88
262            </intent-filter>
263            <intent-filter>
263-->[androidx.profileinstaller:profileinstaller:1.3.0] AndroidManifest.xml:43:13-45:29
264                <action android:name="androidx.profileinstaller.action.SKIP_FILE" />
264-->[androidx.profileinstaller:profileinstaller:1.3.0] AndroidManifest.xml:44:17-85
264-->[androidx.profileinstaller:profileinstaller:1.3.0] AndroidManifest.xml:44:25-82
265            </intent-filter>
266            <intent-filter>